<?xml version="1.0" encoding="UTF-8"?>
<!-- Generated by org.testng.reporters.JUnitXMLReporter -->
<testsuite ignored="0" hostname="Alpha01" failures="1" tests="2" name="Test" time="7.893" errors="0" timestamp="2024-09-18T10:54:17 IST">
  <testcase classname="com.ots.testcases.LoginTest" name="validLogin" time="2.89"/>
  <testcase classname="com.ots.testcases.LoginTest" name="verifyNewUserLink" time="0.077">
    <failure type="java.lang.AssertionError" message="link not present expected [false] but found [true]">
      <![CDATA[java.lang.AssertionError: link not present expected [false] but found [true]
at com.ots.testcases.LoginTest.verifyNewUserLink(LoginTest.java:29)
at java.base/java.util.ArrayList.forEach(ArrayList.java:1596)
... Removed 28 stack frames]]>
    </failure>
  </testcase> <!-- verifyNewUserLink -->
</testsuite> <!-- Test -->
